<?xml version="1.0" encoding="UTF-8"?>
<!-- Generated by org.testng.reporters.JUnitXMLReporter -->
<testsuite ignored="0" hostname="Asus" failures="0" tests="5" name="Authentication Tests" time="33.097" errors="0" timestamp="2026-03-24T13:38:13 IST">
  <testcase classname="testCases.Authentication_Login_Register_Logout.TC05_Register_User_With_Existing_Email" name="registerExistingEmail" time="5.65"/>
  <testcase classname="testCases.Authentication_Login_Register_Logout.TC03_Login_Using_Incorrect_Email_Password" name="negativeLogin" time="5.61"/>
  <testcase classname="testCases.Authentication_Login_Register_Logout.TC02_Login_Using_Correct_Email_Password" name="PositiveLogin" time="9.867"/>
  <testcase classname="testCases.Authentication_Login_Register_Logout.TC04_Logout_User" name="logOutUser" time="10.779"/>
  <testcase classname="testCases.Authentication_Login_Register_Logout.TC01_Register_User" name="RegisterUser" time="18.492"/>
</testsuite> <!-- Authentication Tests -->
