<?xml version="1.0" encoding="UTF-8"?>
<!-- Generated by org.testng.reporters.JUnitXMLReporter -->
<testsuite ignored="0" hostname="Asus" failures="0" tests="3" name="End To End Tests" time="122.688" errors="0" timestamp="2026-03-24T14:46:14 IST">
  <testcase classname="testCases.endToEnd.E2E_Json_POJO_DataProvider" name="endToend" time="28.43"/>
  <testcase classname="testCases.endToEnd.E2E_Json_POJO_DataProvider" name="endToend" time="29.834"/>
  <testcase classname="testCases.endToEnd.E2E_Json_POJO_DataProvider" name="endToend" time="42.235"/>
</testsuite> <!-- End To End Tests -->
