<?xml version="1.0" encoding="UTF-8"?>
<!-- Generated by org.testng.reporters.JUnitXMLReporter -->
<testsuite ignored="0" hostname="Asus" failures="0" tests="3" name="Default test" time="141.065" errors="0" timestamp="2026-03-23T00:09:38 IST">
  <testcase classname="testCases.endToEnd.E2E_Json_POJO_DataProvider" name="endToend" time="37.214"/>
  <testcase classname="testCases.endToEnd.E2E_Json_POJO_DataProvider" name="endToend" time="42.212"/>
  <testcase classname="testCases.endToEnd.E2E_Json_POJO_DataProvider" name="endToend" time="36.744"/>
</testsuite> <!-- Default test -->
