<?xml version="1.0" encoding="UTF-8"?>
<testng-results retried="1" ignored="0" total="6" passed="4" failed="1" skipped="0">
  <reporter-output>
  </reporter-output>
  <suite started-at="2026-03-23T23:55:24 IST" name="Automation Suite" finished-at="2026-03-23T23:55:56 IST" duration-ms="32278">
    <groups>
      <group name="auth">
        <method signature="TC01_Register_User.RegisterUser()[pri:0, instance:testCases.Authentication_Login_Register_Logout.TC01_Register_User@78452606]" name="RegisterUser" class="testCases.Authentication_Login_Register_Logout.TC01_Register_User"/>
        <method signature="TC02_Login_Using_Correct_Email_Password.PositiveLogin()[pri:0, instance:testCases.Authentication_Login_Register_Logout.TC02_Login_Using_Correct_Email_Password@5f9edf14]" name="PositiveLogin" class="testCases.Authentication_Login_Register_Logout.TC02_Login_Using_Correct_Email_Password"/>
        <method signature="TC03_Login_Using_Incorrect_Email_Password.negativeLogin()[pri:0, instance:testCases.Authentication_Login_Register_Logout.TC03_Login_Using_Incorrect_Email_Password@68746f22]" name="negativeLogin" class="testCases.Authentication_Login_Register_Logout.TC03_Login_Using_Incorrect_Email_Password"/>
        <method signature="TC04_Logout_User.logOutUser()[pri:0, instance:testCases.Authentication_Login_Register_Logout.TC04_Logout_User@2f01783a]" name="logOutUser" class="testCases.Authentication_Login_Register_Logout.TC04_Logout_User"/>
        <method signature="TC05_Register_User_With_Existing_Email.registerExistingEmail()[pri:0, instance:testCases.Authentication_Login_Register_Logout.TC05_Register_User_With_Existing_Email@68878f6d]" name="registerExistingEmail" class="testCases.Authentication_Login_Register_Logout.TC05_Register_User_With_Existing_Email"/>
      </group> <!-- auth -->
    </groups>
    <test started-at="2026-03-23T23:55:24 IST" name="Authentication Tests" finished-at="2026-03-23T23:55:56 IST" duration-ms="32278">
      <class name="testCases.Authentication_Login_Register_Logout.TC02_Login_Using_Correct_Email_Password">
        <test-method is-config="true" signature="launchApplication()[pri:0, instance:testCases.Authentication_Login_Register_Logout.TC02_Login_Using_Correct_Email_Password@5f9edf14]" started-at="2026-03-23T23:55:24 IST" name="launchApplication" finished-at="2026-03-23T23:55:32 IST" duration-ms="7693" status="PASS">
          <reporter-output>
          </reporter-output>
        </test-method> <!-- launchApplication -->
        <test-method signature="PositiveLogin()[pri:0, instance:testCases.Authentication_Login_Register_Logout.TC02_Login_Using_Correct_Email_Password@5f9edf14]" started-at="2026-03-23T23:55:32 IST" name="PositiveLogin" finished-at="2026-03-23T23:55:39 IST" duration-ms="7054" status="PASS">
          <reporter-output>
          </reporter-output>
        </test-method> <!-- PositiveLogin -->
        <test-method is-config="true" signature="closeUp()[pri:0, instance:testCases.Authentication_Login_Register_Logout.TC02_Login_Using_Correct_Email_Password@5f9edf14]" started-at="2026-03-23T23:55:39 IST" name="closeUp" finished-at="2026-03-23T23:55:39 IST" duration-ms="241" status="PASS">
          <reporter-output>
          </reporter-output>
        </test-method> <!-- closeUp -->
      </class> <!-- testCases.Authentication_Login_Register_Logout.TC02_Login_Using_Correct_Email_Password -->
      <class name="testCases.Authentication_Login_Register_Logout.TC03_Login_Using_Incorrect_Email_Password">
        <test-method is-config="true" signature="launchApplication()[pri:0, instance:testCases.Authentication_Login_Register_Logout.TC03_Login_Using_Incorrect_Email_Password@68746f22]" started-at="2026-03-23T23:55:24 IST" name="launchApplication" finished-at="2026-03-23T23:55:33 IST" duration-ms="9487" status="PASS">
          <reporter-output>
          </reporter-output>
        </test-method> <!-- launchApplication -->
        <test-method retried="true" signature="negativeLogin()[pri:0, instance:testCases.Authentication_Login_Register_Logout.TC03_Login_Using_Incorrect_Email_Password@68746f22]" started-at="2026-03-23T23:55:33 IST" name="negativeLogin" finished-at="2026-03-23T23:55:43 IST" duration-ms="9878" status="SKIP">
          <exception class="org.openqa.selenium.NoSuchElementException">
            <message>
              <![CDATA[no such element: Unable to locate element: {"method":"css selector","selector":"form[action='/signup'] p"}
  (Session info: chrome=146.0.7680.153)
For documentation on this error, please visit: https://www.selenium.dev/documentation/webdriver/troubleshooting/errors#nosuchelementexception
Build info: version: '4.41.0', revision: '9fc754f'
System info: os.name: 'Windows 11', os.arch: 'amd64', os.version: '10.0', java.version: '21.0.9'
Driver info: org.openqa.selenium.chrome.ChromeDriver
Command: [9dc468d031181f3407c89894c1eb9a6c, findElement {value=form[action='/signup'] p, using=css selector}]
Capabilities {acceptInsecureCerts: false, browserName: chrome, browserVersion: 146.0.7680.153, chrome: {chromedriverVersion: 146.0.7680.72 (cb10bb07c0a5..., userDataDir: C:\Users\Akki\AppData\Local...}, fedcm:accounts: true, goog:chromeOptions: {debuggerAddress: localhost:52493}, goog:processID: 27168, networkConnectionEnabled: false, pageLoadStrategy: normal, platformName: windows, proxy: Proxy(), se:cdp: ws://localhost:52493/devtoo..., se:cdpVersion: 146.0.7680.153, setWindowRect: true, strictFileInteractability: false, timeouts: {implicit: 0, pageLoad: 300000, script: 30000}, unhandledPromptBehavior: dismiss and notify, webauthn:extension:credBlob: true, webauthn:extension:largeBlob: true, webauthn:extension:minPinLength: true, webauthn:extension:prf: true, webauthn:virtualAuthenticators: true}
Session ID: 9dc468d031181f3407c89894c1eb9a6c]]>
            </message>
            <full-stacktrace>
              <![CDATA[org.openqa.selenium.NoSuchElementException: no such element: Unable to locate element: {"method":"css selector","selector":"form[action='/signup'] p"}
  (Session info: chrome=146.0.7680.153)
For documentation on this error, please visit: https://www.selenium.dev/documentation/webdriver/troubleshooting/errors#nosuchelementexception
Build info: version: '4.41.0', revision: '9fc754f'
System info: os.name: 'Windows 11', os.arch: 'amd64', os.version: '10.0', java.version: '21.0.9'
Driver info: org.openqa.selenium.chrome.ChromeDriver
Command: [9dc468d031181f3407c89894c1eb9a6c, findElement {value=form[action='/signup'] p, using=css selector}]
Capabilities {acceptInsecureCerts: false, browserName: chrome, browserVersion: 146.0.7680.153, chrome: {chromedriverVersion: 146.0.7680.72 (cb10bb07c0a5..., userDataDir: C:\Users\Akki\AppData\Local...}, fedcm:accounts: true, goog:chromeOptions: {debuggerAddress: localhost:52493}, goog:processID: 27168, networkConnectionEnabled: false, pageLoadStrategy: normal, platformName: windows, proxy: Proxy(), se:cdp: ws://localhost:52493/devtoo..., se:cdpVersion: 146.0.7680.153, setWindowRect: true, strictFileInteractability: false, timeouts: {implicit: 0, pageLoad: 300000, script: 30000}, unhandledPromptBehavior: dismiss and notify, webauthn:extension:credBlob: true, webauthn:extension:largeBlob: true, webauthn:extension:minPinLength: true, webauthn:extension:prf: true, webauthn:virtualAuthenticators: true}
Session ID: 9dc468d031181f3407c89894c1eb9a6c
at org.openqa.selenium.remote.ErrorCodec.decode(ErrorCodec.java:169)
at org.openqa.selenium.remote.codec.w3c.W3CHttpResponseCodec.decode(W3CHttpResponseCodec.java:142)
at org.openqa.selenium.remote.codec.w3c.W3CHttpResponseCodec.decode(W3CHttpResponseCodec.java:49)
at org.openqa.selenium.remote.HttpCommandExecutor.execute(HttpCommandExecutor.java:223)
at org.openqa.selenium.remote.service.DriverCommandExecutor.invokeExecute(DriverCommandExecutor.java:216)
at org.openqa.selenium.remote.service.DriverCommandExecutor.execute(DriverCommandExecutor.java:174)
at org.openqa.selenium.remote.RemoteWebDriver.execute(RemoteWebDriver.java:604)
at org.openqa.selenium.remote.ElementLocation$ElementFinder$2.findElement(ElementLocation.java:166)
at org.openqa.selenium.remote.ElementLocation.findElement(ElementLocation.java:60)
at org.openqa.selenium.remote.RemoteWebDriver.findElement(RemoteWebDriver.java:427)
at org.openqa.selenium.remote.RemoteWebDriver.findElement(RemoteWebDriver.java:421)
at org.openqa.selenium.support.pagefactory.DefaultElementLocator.findElement(DefaultElementLocator.java:68)
at org.openqa.selenium.support.pagefactory.internal.LocatingElementHandler.invoke(LocatingElementHandler.java:38)
at jdk.proxy2/jdk.proxy2.$Proxy14.getText(Unknown Source)
at pages.Login_Page.getLoginErrorMessage(Login_Page.java:105)
at testCases.Authentication_Login_Register_Logout.TC03_Login_Using_Incorrect_Email_Password.negativeLogin(TC03_Login_Using_Incorrect_Email_Password.java:34)
at java.base/jdk.internal.reflect.DirectMethodHandleAccessor.invoke(DirectMethodHandleAccessor.java:103)
at java.base/java.lang.reflect.Method.invoke(Method.java:580)
at org.testng.internal.invokers.MethodInvocationHelper.invokeMethod(MethodInvocationHelper.java:141)
at org.testng.internal.invokers.TestInvoker.invokeMethod(TestInvoker.java:687)
at org.testng.internal.invokers.TestInvoker.invokeTestMethod(TestInvoker.java:230)
at org.testng.internal.invokers.MethodRunner.runInSequence(MethodRunner.java:63)
at org.testng.internal.invokers.TestInvoker$MethodInvocationAgent.invoke(TestInvoker.java:995)
at org.testng.internal.invokers.TestInvoker.invokeTestMethods(TestInvoker.java:203)
at org.testng.internal.invokers.TestMethodWorker.invokeTestMethods(TestMethodWorker.java:154)
at org.testng.internal.invokers.TestMethodWorker.run(TestMethodWorker.java:134)
at java.base/java.util.concurrent.Executors$RunnableAdapter.call(Executors.java:572)
at java.base/java.util.concurrent.FutureTask.run(FutureTask.java:317)
at org.testng.internal.thread.graph.TestNGFutureTask.run(TestNGFutureTask.java:22)
at java.base/java.util.concurrent.ThreadPoolExecutor.runWorker(ThreadPoolExecutor.java:1144)
at java.base/java.util.concurrent.ThreadPoolExecutor$Worker.run(ThreadPoolExecutor.java:642)
at java.base/java.lang.Thread.run(Thread.java:1583)
]]>
            </full-stacktrace>
          </exception> <!-- org.openqa.selenium.NoSuchElementException -->
          <reporter-output>
          </reporter-output>
        </test-method> <!-- negativeLogin -->
        <test-method is-config="true" signature="closeUp()[pri:0, instance:testCases.Authentication_Login_Register_Logout.TC03_Login_Using_Incorrect_Email_Password@68746f22]" started-at="2026-03-23T23:55:43 IST" name="closeUp" finished-at="2026-03-23T23:55:43 IST" duration-ms="263" status="PASS">
          <reporter-output>
          </reporter-output>
        </test-method> <!-- closeUp -->
        <test-method is-config="true" signature="launchApplication()[pri:0, instance:testCases.Authentication_Login_Register_Logout.TC03_Login_Using_Incorrect_Email_Password@68746f22]" started-at="2026-03-23T23:55:43 IST" name="launchApplication" finished-at="2026-03-23T23:55:48 IST" duration-ms="4449" status="PASS">
          <reporter-output>
          </reporter-output>
        </test-method> <!-- launchApplication -->
        <test-method signature="negativeLogin()[pri:0, instance:testCases.Authentication_Login_Register_Logout.TC03_Login_Using_Incorrect_Email_Password@68746f22]" started-at="2026-03-23T23:55:48 IST" name="negativeLogin" finished-at="2026-03-23T23:55:56 IST" duration-ms="7784" status="FAIL">
          <exception class="org.openqa.selenium.NoSuchElementException">
            <message>
              <![CDATA[no such element: Unable to locate element: {"method":"css selector","selector":"form[action='/signup'] p"}
  (Session info: chrome=146.0.7680.153)
For documentation on this error, please visit: https://www.selenium.dev/documentation/webdriver/troubleshooting/errors#nosuchelementexception
Build info: version: '4.41.0', revision: '9fc754f'
System info: os.name: 'Windows 11', os.arch: 'amd64', os.version: '10.0', java.version: '21.0.9'
Driver info: org.openqa.selenium.chrome.ChromeDriver
Command: [0064e227e5590b46704abe05cd61396a, findElement {value=form[action='/signup'] p, using=css selector}]
Capabilities {acceptInsecureCerts: false, browserName: chrome, browserVersion: 146.0.7680.153, chrome: {chromedriverVersion: 146.0.7680.72 (cb10bb07c0a5..., userDataDir: C:\Users\Akki\AppData\Local...}, fedcm:accounts: true, goog:chromeOptions: {debuggerAddress: localhost:64265}, goog:processID: 25500, networkConnectionEnabled: false, pageLoadStrategy: normal, platformName: windows, proxy: Proxy(), se:cdp: ws://localhost:64265/devtoo..., se:cdpVersion: 146.0.7680.153, setWindowRect: true, strictFileInteractability: false, timeouts: {implicit: 0, pageLoad: 300000, script: 30000}, unhandledPromptBehavior: dismiss and notify, webauthn:extension:credBlob: true, webauthn:extension:largeBlob: true, webauthn:extension:minPinLength: true, webauthn:extension:prf: true, webauthn:virtualAuthenticators: true}
Session ID: 0064e227e5590b46704abe05cd61396a]]>
            </message>
            <full-stacktrace>
              <![CDATA[org.openqa.selenium.NoSuchElementException: no such element: Unable to locate element: {"method":"css selector","selector":"form[action='/signup'] p"}
  (Session info: chrome=146.0.7680.153)
For documentation on this error, please visit: https://www.selenium.dev/documentation/webdriver/troubleshooting/errors#nosuchelementexception
Build info: version: '4.41.0', revision: '9fc754f'
System info: os.name: 'Windows 11', os.arch: 'amd64', os.version: '10.0', java.version: '21.0.9'
Driver info: org.openqa.selenium.chrome.ChromeDriver
Command: [0064e227e5590b46704abe05cd61396a, findElement {value=form[action='/signup'] p, using=css selector}]
Capabilities {acceptInsecureCerts: false, browserName: chrome, browserVersion: 146.0.7680.153, chrome: {chromedriverVersion: 146.0.7680.72 (cb10bb07c0a5..., userDataDir: C:\Users\Akki\AppData\Local...}, fedcm:accounts: true, goog:chromeOptions: {debuggerAddress: localhost:64265}, goog:processID: 25500, networkConnectionEnabled: false, pageLoadStrategy: normal, platformName: windows, proxy: Proxy(), se:cdp: ws://localhost:64265/devtoo..., se:cdpVersion: 146.0.7680.153, setWindowRect: true, strictFileInteractability: false, timeouts: {implicit: 0, pageLoad: 300000, script: 30000}, unhandledPromptBehavior: dismiss and notify, webauthn:extension:credBlob: true, webauthn:extension:largeBlob: true, webauthn:extension:minPinLength: true, webauthn:extension:prf: true, webauthn:virtualAuthenticators: true}
Session ID: 0064e227e5590b46704abe05cd61396a
at org.openqa.selenium.remote.ErrorCodec.decode(ErrorCodec.java:169)
at org.openqa.selenium.remote.codec.w3c.W3CHttpResponseCodec.decode(W3CHttpResponseCodec.java:142)
at org.openqa.selenium.remote.codec.w3c.W3CHttpResponseCodec.decode(W3CHttpResponseCodec.java:49)
at org.openqa.selenium.remote.HttpCommandExecutor.execute(HttpCommandExecutor.java:223)
at org.openqa.selenium.remote.service.DriverCommandExecutor.invokeExecute(DriverCommandExecutor.java:216)
at org.openqa.selenium.remote.service.DriverCommandExecutor.execute(DriverCommandExecutor.java:174)
at org.openqa.selenium.remote.RemoteWebDriver.execute(RemoteWebDriver.java:604)
at org.openqa.selenium.remote.ElementLocation$ElementFinder$2.findElement(ElementLocation.java:166)
at org.openqa.selenium.remote.ElementLocation.findElement(ElementLocation.java:60)
at org.openqa.selenium.remote.RemoteWebDriver.findElement(RemoteWebDriver.java:427)
at org.openqa.selenium.remote.RemoteWebDriver.findElement(RemoteWebDriver.java:421)
at org.openqa.selenium.support.pagefactory.DefaultElementLocator.findElement(DefaultElementLocator.java:68)
at org.openqa.selenium.support.pagefactory.internal.LocatingElementHandler.invoke(LocatingElementHandler.java:38)
at jdk.proxy2/jdk.proxy2.$Proxy14.getText(Unknown Source)
at pages.Login_Page.getLoginErrorMessage(Login_Page.java:105)
at testCases.Authentication_Login_Register_Logout.TC03_Login_Using_Incorrect_Email_Password.negativeLogin(TC03_Login_Using_Incorrect_Email_Password.java:34)
at java.base/jdk.internal.reflect.DirectMethodHandleAccessor.invoke(DirectMethodHandleAccessor.java:103)
at java.base/java.lang.reflect.Method.invoke(Method.java:580)
at org.testng.internal.invokers.MethodInvocationHelper.invokeMethod(MethodInvocationHelper.java:141)
at org.testng.internal.invokers.TestInvoker.invokeMethod(TestInvoker.java:687)
at org.testng.internal.invokers.TestInvoker.retryFailed(TestInvoker.java:269)
at org.testng.internal.invokers.MethodRunner.runInSequence(MethodRunner.java:76)
at org.testng.internal.invokers.TestInvoker$MethodInvocationAgent.invoke(TestInvoker.java:995)
at org.testng.internal.invokers.TestInvoker.invokeTestMethods(TestInvoker.java:203)
at org.testng.internal.invokers.TestMethodWorker.invokeTestMethods(TestMethodWorker.java:154)
at org.testng.internal.invokers.TestMethodWorker.run(TestMethodWorker.java:134)
at java.base/java.util.concurrent.Executors$RunnableAdapter.call(Executors.java:572)
at java.base/java.util.concurrent.FutureTask.run(FutureTask.java:317)
at org.testng.internal.thread.graph.TestNGFutureTask.run(TestNGFutureTask.java:22)
at java.base/java.util.concurrent.ThreadPoolExecutor.runWorker(ThreadPoolExecutor.java:1144)
at java.base/java.util.concurrent.ThreadPoolExecutor$Worker.run(ThreadPoolExecutor.java:642)
at java.base/java.lang.Thread.run(Thread.java:1583)
]]>
            </full-stacktrace>
          </exception> <!-- org.openqa.selenium.NoSuchElementException -->
          <reporter-output>
          </reporter-output>
        </test-method> <!-- negativeLogin -->
        <test-method is-config="true" signature="closeUp()[pri:0, instance:testCases.Authentication_Login_Register_Logout.TC03_Login_Using_Incorrect_Email_Password@68746f22]" started-at="2026-03-23T23:55:56 IST" name="closeUp" finished-at="2026-03-23T23:55:56 IST" duration-ms="274" status="PASS">
          <reporter-output>
          </reporter-output>
        </test-method> <!-- closeUp -->
      </class> <!-- testCases.Authentication_Login_Register_Logout.TC03_Login_Using_Incorrect_Email_Password -->
      <class name="testCases.Authentication_Login_Register_Logout.TC01_Register_User">
        <test-method is-config="true" signature="launchApplication()[pri:0, instance:testCases.Authentication_Login_Register_Logout.TC01_Register_User@78452606]" started-at="2026-03-23T23:55:24 IST" name="launchApplication" finished-at="2026-03-23T23:55:35 IST" duration-ms="11312" status="PASS">
          <reporter-output>
          </reporter-output>
        </test-method> <!-- launchApplication -->
        <test-method signature="RegisterUser()[pri:0, instance:testCases.Authentication_Login_Register_Logout.TC01_Register_User@78452606]" started-at="2026-03-23T23:55:35 IST" name="RegisterUser" finished-at="2026-03-23T23:55:49 IST" duration-ms="14143" status="PASS">
          <reporter-output>
          </reporter-output>
        </test-method> <!-- RegisterUser -->
        <test-method is-config="true" signature="closeUp()[pri:0, instance:testCases.Authentication_Login_Register_Logout.TC01_Register_User@78452606]" started-at="2026-03-23T23:55:49 IST" name="closeUp" finished-at="2026-03-23T23:55:50 IST" duration-ms="238" status="PASS">
          <reporter-output>
          </reporter-output>
        </test-method> <!-- closeUp -->
      </class> <!-- testCases.Authentication_Login_Register_Logout.TC01_Register_User -->
      <class name="testCases.Authentication_Login_Register_Logout.TC04_Logout_User">
        <test-method is-config="true" signature="launchApplication()[pri:0, instance:testCases.Authentication_Login_Register_Logout.TC04_Logout_User@2f01783a]" started-at="2026-03-23T23:55:24 IST" name="launchApplication" finished-at="2026-03-23T23:55:32 IST" duration-ms="8221" status="PASS">
          <reporter-output>
          </reporter-output>
        </test-method> <!-- launchApplication -->
        <test-method signature="logOutUser()[pri:0, instance:testCases.Authentication_Login_Register_Logout.TC04_Logout_User@2f01783a]" started-at="2026-03-23T23:55:32 IST" name="logOutUser" finished-at="2026-03-23T23:55:45 IST" duration-ms="13293" status="PASS">
          <reporter-output>
          </reporter-output>
        </test-method> <!-- logOutUser -->
        <test-method is-config="true" signature="closeUp()[pri:0, instance:testCases.Authentication_Login_Register_Logout.TC04_Logout_User@2f01783a]" started-at="2026-03-23T23:55:45 IST" name="closeUp" finished-at="2026-03-23T23:55:46 IST" duration-ms="367" status="PASS">
          <reporter-output>
          </reporter-output>
        </test-method> <!-- closeUp -->
      </class> <!-- testCases.Authentication_Login_Register_Logout.TC04_Logout_User -->
      <class name="testCases.Authentication_Login_Register_Logout.TC05_Register_User_With_Existing_Email">
        <test-method is-config="true" signature="launchApplication()[pri:0, instance:testCases.Authentication_Login_Register_Logout.TC05_Register_User_With_Existing_Email@68878f6d]" started-at="2026-03-23T23:55:24 IST" name="launchApplication" finished-at="2026-03-23T23:55:31 IST" duration-ms="7383" status="PASS">
          <reporter-output>
          </reporter-output>
        </test-method> <!-- launchApplication -->
        <test-method signature="registerExistingEmail()[pri:0, instance:testCases.Authentication_Login_Register_Logout.TC05_Register_User_With_Existing_Email@68878f6d]" started-at="2026-03-23T23:55:31 IST" name="registerExistingEmail" finished-at="2026-03-23T23:55:37 IST" duration-ms="5920" status="PASS">
          <reporter-output>
          </reporter-output>
        </test-method> <!-- registerExistingEmail -->
        <test-method is-config="true" signature="closeUp()[pri:0, instance:testCases.Authentication_Login_Register_Logout.TC05_Register_User_With_Existing_Email@68878f6d]" started-at="2026-03-23T23:55:37 IST" name="closeUp" finished-at="2026-03-23T23:55:38 IST" duration-ms="1032" status="PASS">
          <reporter-output>
          </reporter-output>
        </test-method> <!-- closeUp -->
      </class> <!-- testCases.Authentication_Login_Register_Logout.TC05_Register_User_With_Existing_Email -->
    </test> <!-- Authentication Tests -->
  </suite> <!-- Automation Suite -->
</testng-results>
