<?xml version="1.0" encoding="UTF-8"?>
<!-- Generated by org.testng.reporters.JUnitReportReporter -->
<testsuite hostname="Asus" failures="0" tests="1" name="testCases.Authentication_Login_Register_Logout.TC05_Register_User_With_Existing_Email" time="14.335" errors="0" timestamp="2026-03-23T23:55:57 IST" skipped="0">
  <testcase classname="testCases.Authentication_Login_Register_Logout.TC05_Register_User_With_Existing_Email" name="registerExistingEmail" time="14.335"/>
</testsuite> <!-- testCases.Authentication_Login_Register_Logout.TC05_Register_User_With_Existing_Email -->
