<?xml version="1.0" encoding="UTF-8"?>
<!-- Generated by org.testng.reporters.JUnitReportReporter -->
<testsuite hostname="Asus" failures="0" tests="1" name="Authentication_Login_Register_Logout.TC05_Register_User_With_Existing_Email" time="24.334" errors="0" timestamp="2026-03-22T13:18:18 IST" skipped="0">
  <testcase classname="Authentication_Login_Register_Logout.TC05_Register_User_With_Existing_Email" name="registerExistingEmail" time="24.334"/>
</testsuite> <!-- Authentication_Login_Register_Logout.TC05_Register_User_With_Existing_Email -->
