<?xml version="1.0" encoding="UTF-8"?>
<!-- Generated by org.testng.reporters.JUnitReportReporter -->
<testsuite hostname="Asus" failures="0" tests="3" name="testCases.endToEnd.E2E_POM_POJO" time="355.835" errors="0" timestamp="2026-03-22T19:11:48 IST" skipped="0">
  <testcase classname="testCases.endToEnd.E2E_POM_POJO" name="endToend" time="101.019"/>
  <testcase classname="testCases.endToEnd.E2E_POM_POJO" name="endToend" time="130.722"/>
  <testcase classname="testCases.endToEnd.E2E_POM_POJO" name="endToend" time="124.094"/>
</testsuite> <!-- testCases.endToEnd.E2E_POM_POJO -->
