<?xml version="1.0" encoding="UTF-8"?>
<!-- Generated by org.testng.reporters.JUnitReportReporter -->
<testsuite hostname="Asus" failures="0" tests="3" name="testCases.endToEnd.E2E_Json_POJO_DataProvider" time="140.485" errors="0" timestamp="2026-03-23T00:09:38 IST" skipped="0">
  <testcase classname="testCases.endToEnd.E2E_Json_POJO_DataProvider" name="endToend" time="50.797"/>
  <testcase classname="testCases.endToEnd.E2E_Json_POJO_DataProvider" name="endToend" time="43.699"/>
  <testcase classname="testCases.endToEnd.E2E_Json_POJO_DataProvider" name="endToend" time="45.989"/>
</testsuite> <!-- testCases.endToEnd.E2E_Json_POJO_DataProvider -->
