<?xml version="1.0" encoding="UTF-8"?>
<!-- Generated by org.testng.reporters.JUnitReportReporter -->
<testsuite hostname="Asus" failures="0" tests="1" name="testCases.Authentication_Login_Register_Logout.TC03_Login_Using_Incorrect_Email_Password" time="20.313" errors="0" timestamp="2026-03-24T13:38:13 IST" skipped="0">
  <testcase classname="testCases.Authentication_Login_Register_Logout.TC03_Login_Using_Incorrect_Email_Password" name="negativeLogin" time="20.313"/>
</testsuite> <!-- testCases.Authentication_Login_Register_Logout.TC03_Login_Using_Incorrect_Email_Password -->
