<?xml version="1.0" encoding="UTF-8"?>
<!-- Generated by org.testng.reporters.JUnitReportReporter -->
<testsuite hostname="Asus" failures="0" tests="1" name="testCases.Authentication_Login_Register_Logout.TC01_Register_User" time="33.025" errors="0" timestamp="2026-03-24T13:38:13 IST" skipped="0">
  <testcase classname="testCases.Authentication_Login_Register_Logout.TC01_Register_User" name="RegisterUser" time="33.025"/>
</testsuite> <!-- testCases.Authentication_Login_Register_Logout.TC01_Register_User -->
