<?xml version="1.0" encoding="UTF-8"?>
<!-- Generated by org.testng.reporters.JUnitReportReporter -->
<testsuite hostname="Asus" failures="0" tests="1" name="testCases.Authentication_Login_Register_Logout.TC04_Logout_User" time="24.110" errors="0" timestamp="2026-03-24T13:38:13 IST" skipped="0">
  <testcase classname="testCases.Authentication_Login_Register_Logout.TC04_Logout_User" name="logOutUser" time="24.110"/>
</testsuite> <!-- testCases.Authentication_Login_Register_Logout.TC04_Logout_User -->
