<?xml version="1.0" encoding="UTF-8"?>
<!-- Generated by org.testng.reporters.JUnitReportReporter -->
<testsuite hostname="Asus" failures="0" tests="1" name="testCases.Authentication_Login_Register_Logout.TC02_Login_Using_Correct_Email_Password" time="23.509" errors="0" timestamp="2026-03-24T13:38:13 IST" skipped="0">
  <testcase classname="testCases.Authentication_Login_Register_Logout.TC02_Login_Using_Correct_Email_Password" name="PositiveLogin" time="23.509"/>
</testsuite> <!-- testCases.Authentication_Login_Register_Logout.TC02_Login_Using_Correct_Email_Password -->
