<?xml version="1.0" encoding="UTF-8"?>
<!-- Generated by org.testng.reporters.JUnitReportReporter -->
<testsuite hostname="Asus" failures="0" tests="3" name="testCases.endToEnd.E2E_Json_POJO_DataProvider" time="122.358" errors="0" timestamp="2026-03-24T14:46:14 IST" skipped="0">
  <testcase classname="testCases.endToEnd.E2E_Json_POJO_DataProvider" name="endToend" time="33.057"/>
  <testcase classname="testCases.endToEnd.E2E_Json_POJO_DataProvider" name="endToend" time="37.564"/>
  <testcase classname="testCases.endToEnd.E2E_Json_POJO_DataProvider" name="endToend" time="51.737"/>
</testsuite> <!-- testCases.endToEnd.E2E_Json_POJO_DataProvider -->
